# JRE version: Java(TM) SE Runtime Environment (23.0.1+11) (build 23.0.1+11-39)
# Java VM: Java HotSpot(TM) 64-Bit Server VM (23.0.1+11-39, mixed mode, sharing, tiered, compressed oops, compressed class ptrs, g1 gc, windows-amd64)
GC Precious Log:
 CardTable entry size: 512
 Card Set container configuration: InlinePtr #cards 4 size 8 Array Of Cards #cards 32 size 80 Howl #buckets 8 coarsen threshold 7372 Howl Bitmap #cards 1024 size 144 coarsen threshold 921 Card regions per heap region 1 cards per card region 8192
 CPUs: 12 total, 12 available
 Memory: 23925M
 Large Page Support: Disabled
 NUMA Support: Disabled
 Compressed Oops: Enabled (Zero based)
 Heap Region Size: 4M
 Heap Min Capacity: 8M
 Heap Initial Capacity: 376M
 Heap Max Capacity: 5984M
 Pre-touch: Disabled
 Parallel Workers: 10
 Concurrent Workers: 3
 Concurrent Refinement Workers: 10
 Periodic GC: Disabled
Heap:
 garbage-first heap   total reserved 6127616K, committed 32768K, used 9866K [0x000000068a000000, 0x0000000800000000)
  region size 4096K, 3 young (12288K), 1 survivors (4096K)
 Metaspace       used 24282K, committed 24448K, reserved 1114112K
  class space    used 2467K, committed 2560K, reserved 1048576K
GC Heap History (10 events):
Event: 0.501 GC heap before
{Heap before GC invocations=0 (full 0):
 garbage-first heap   total reserved 6127616K, committed 385024K, used 20480K [0x000000068a000000, 0x0000000800000000)
  region size 4096K, 6 young (24576K), 0 survivors (0K)
 Metaspace       used 7451K, committed 7616K, reserved 1114112K
  class space    used 443K, committed 512K, reserved 1048576K
}
Event: 0.504 GC heap after
{Heap after GC invocations=1 (full 0):
 garbage-first heap   total reserved 6127616K, committed 385024K, used 2442K [0x000000068a000000, 0x0000000800000000)
  region size 4096K, 1 young (4096K), 1 survivors (4096K)
 Metaspace       used 7451K, committed 7616K, reserved 1114112K
  class space    used 443K, committed 512K, reserved 1048576K
}
Event: 0.858 GC heap before
{Heap before GC invocations=1 (full 0):
 garbage-first heap   total reserved 6127616K, committed 385024K, used 22922K [0x000000068a000000, 0x0000000800000000)
  region size 4096K, 7 young (28672K), 1 survivors (4096K)
 Metaspace       used 15055K, committed 15168K, reserved 1114112K
  class space    used 1285K, committed 1344K, reserved 1048576K
}
Event: 0.861 GC heap after
{Heap after GC invocations=2 (full 0):
 garbage-first heap   total reserved 6127616K, committed 385024K, used 3435K [0x000000068a000000, 0x0000000800000000)
  region size 4096K, 1 young (4096K), 1 survivors (4096K)
 Metaspace       used 15055K, committed 15168K, reserved 1114112K
  class space    used 1285K, committed 1344K, reserved 1048576K
}
Event: 1.300 GC heap before
{Heap before GC invocations=2 (full 0):
 garbage-first heap   total reserved 6127616K, committed 385024K, used 19819K [0x000000068a000000, 0x0000000800000000)
  region size 4096K, 6 young (24576K), 1 survivors (4096K)
 Metaspace       used 21408K, committed 21504K, reserved 1114112K
  class space    used 2075K, committed 2112K, reserved 1048576K
}
Event: 1.303 GC heap after
{Heap after GC invocations=3 (full 0):
 garbage-first heap   total reserved 6127616K, committed 385024K, used 4855K [0x000000068a000000, 0x0000000800000000)
  region size 4096K, 1 young (4096K), 1 survivors (4096K)
 Metaspace       used 21408K, committed 21504K, reserved 1114112K
  class space    used 2075K, committed 2112K, reserved 1048576K
}
Event: 7.436 GC heap before
{Heap before GC invocations=4 (full 0):
 garbage-first heap   total reserved 6127616K, committed 28672K, used 25335K [0x000000068a000000, 0x0000000800000000)
  region size 4096K, 6 young (24576K), 1 survivors (4096K)
 Metaspace       used 24242K, committed 24448K, reserved 1114112K
  class space    used 2466K, committed 2560K, reserved 1048576K
}
Event: 7.442 GC heap after
{Heap after GC invocations=5 (full 0):
 garbage-first heap   total reserved 6127616K, committed 32768K, used 5678K [0x000000068a000000, 0x0000000800000000)
  region size 4096K, 1 young (4096K), 1 survivors (4096K)
 Metaspace       used 24242K, committed 24448K, reserved 1114112K
  class space    used 2466K, committed 2560K, reserved 1048576K
}
Event: 10.378 GC heap before
{Heap before GC invocations=5 (full 0):
 garbage-first heap   total reserved 6127616K, committed 32768K, used 17966K [0x000000068a000000, 0x0000000800000000)
  region size 4096K, 4 young (16384K), 1 survivors (4096K)
 Metaspace       used 24277K, committed 24448K, reserved 1114112K
  class space    used 2467K, committed 2560K, reserved 1048576K
}
Event: 10.384 GC heap after
{Heap after GC invocations=6 (full 0):
 garbage-first heap   total reserved 6127616K, committed 32768K, used 5770K [0x000000068a000000, 0x0000000800000000)
  region size 4096K, 1 young (4096K), 1 survivors (4096K)
 Metaspace       used 24277K, committed 24448K, reserved 1114112K
  class space    used 2467K, committed 2560K, reserved 1048576K
}

